2025-04-02T14:38:14.009Z [info]: POST /api/users/login 200 528 - 223.251 ms
2025-04-02T14:40:49.384Z [info]: POST /api/users/login 200 528 - 197.705 ms
2025-04-02T14:40:54.520Z [info]: POST /api/users/login 200 528 - 194.379 ms
2025-04-02T14:42:41.710Z [info]: POST /api/users/login 401 41 - 116.042 ms
2025-04-02T14:53:29.772Z [info]: POST /api/users/login 200 528 - 1382.255 ms
2025-04-02T14:53:30.544Z [info]: POST /api/users/login 200 528 - 2151.571 ms
2025-04-02T14:54:00.175Z [info]: POST /api/users/login 200 528 - 224.053 ms
2025-04-02T14:54:19.805Z [info]: POST /api/users/login 200 528 - 202.329 ms
2025-04-02T14:54:40.484Z [info]: POST /api/users/login 200 528 - 253.951 ms
2025-04-02 22:19:35 [info]: POST /api/users/login 200 528 - 454.941 ms
2025-04-02 22:20:19 [info]: POST /api/users/login 401 31 - 571.855 ms
2025-04-02 22:20:23 [info]: POST /api/users/login 401 31 - 604.744 ms
2025-04-02 22:20:57 [info]: POST /api/users/login 200 511 - 203.330 ms
2025-04-02 22:26:28 [info]: POST /api/users/login 200 511 - 1052.356 ms
2025-04-02 22:26:29 [info]: POST /api/users/login 200 511 - 734.577 ms
2025-04-02 22:26:48 [info]: POST /api/users/login 200 511 - 357.714 ms
2025-04-02T16:58:00.677Z [info]: POST /api/users/login 200 482 - 634.466 ms
2025-04-02T18:46:36.606Z [info]: POST /api/users/login 200 499 - 957.204 ms
2025-04-02T18:53:28.595Z [info]: POST /api/users/login 200 499 - 222.797 ms
2025-04-02T18:53:32.664Z [info]: POST /api/users/login 200 499 - 202.387 ms
2025-04-02T19:57:50.694Z [info]: POST /api/users/login 200 482 - 227.883 ms
2025-04-02T20:02:31.018Z [info]: POST /api/users/login 200 482 - 184.067 ms
2025-04-02T20:03:58.797Z [info]: POST /api/users/login 200 486 - 215.625 ms
2025-04-02T20:04:00.645Z [info]: POST /api/users/login 200 486 - 227.333 ms
2025-04-02T20:05:48.011Z [info]: POST /api/users/login 200 499 - 200.147 ms
2025-04-02T20:26:59.240Z [info]: POST /api/users/login 401 27 - 123.271 ms
2025-04-02T20:27:44.179Z [info]: POST /api/users/login 200 528 - 1117.339 ms
2025-04-02T20:27:45.622Z [info]: POST /api/users/login 200 528 - 176.531 ms
2025-04-02T20:27:47.020Z [info]: POST /api/users/login 200 528 - 190.197 ms
2025-04-02T20:27:47.993Z [info]: POST /api/users/login 200 528 - 207.828 ms
2025-04-02T20:27:55.934Z [info]: POST /api/users/login 200 511 - 238.525 ms
2025-04-02T20:27:57.376Z [info]: POST /api/users/login 200 511 - 180.723 ms
2025-04-02T20:28:06.835Z [info]: POST /api/users/login 200 511 - 226.205 ms
2025-04-02T20:28:08.385Z [info]: POST /api/users/login 200 511 - 235.026 ms
2025-04-02T20:28:08.718Z [info]: POST /api/users/login 200 511 - 198.804 ms
2025-04-02T20:28:08.970Z [info]: POST /api/users/login 200 511 - 230.452 ms
2025-04-02T20:28:44.942Z [info]: POST /api/users/login 200 511 - 182.635 ms
2025-04-02T20:28:45.935Z [info]: POST /api/users/login 200 511 - 186.404 ms
2025-04-02T20:29:02.121Z [info]: POST /api/users/login 200 511 - 198.537 ms
2025-04-02T20:29:04.843Z [info]: POST /api/users/login 200 511 - 173.970 ms
2025-04-02T20:31:55.784Z [info]: POST /api/users/login 200 511 - 251.257 ms
2025-04-02T20:32:07.752Z [info]: POST /api/users/login 200 511 - 197.453 ms
2025-04-02T20:32:28.824Z [info]: POST /api/users/login 401 31 - 190.671 ms
2025-04-02T20:32:30.016Z [info]: POST /api/users/login 401 31 - 229.495 ms
2025-04-02T20:32:52.819Z [info]: POST /api/users/login 200 511 - 214.679 ms
2025-04-02T20:32:54.115Z [info]: POST /api/users/login 200 511 - 255.321 ms
2025-04-02T20:35:22.474Z [info]: POST /api/users/login 200 511 - 181.543 ms
2025-04-05T07:26:05.226Z [info]: POST /api/users/login 401 31 - 1342.295 ms
2025-04-05T07:29:06.804Z [info]: POST /api/users/register 400 47 - 133.646 ms
2025-04-05T07:29:15.911Z [info]: POST /api/users/register 400 47 - 99.626 ms
2025-04-05T07:29:16.556Z [info]: POST /api/users/register 400 47 - 96.765 ms
2025-04-05T07:29:16.718Z [info]: POST /api/users/register 400 47 - 116.956 ms
2025-04-05T07:30:32.113Z [info]: POST /api/users/register 201 308 - 303.831 ms
2025-04-05T07:30:46.891Z [info]: POST /api/users/login 200 528 - 224.505 ms
2025-04-05T07:30:53.758Z [info]: POST /api/users/login 200 511 - 204.576 ms
2025-04-05T07:30:54.706Z [info]: POST /api/users/login 200 511 - 180.865 ms
2025-04-05T07:32:10.561Z [info]: POST /api/users/login 200 524 - 178.895 ms
2025-04-05T07:32:11.851Z [info]: POST /api/users/login 200 524 - 172.055 ms
2025-04-05T07:32:18.854Z [info]: POST /api/users/login 200 524 - 254.245 ms
2025-04-05T07:32:38.455Z [info]: POST /api/users/login 401 31 - 154.139 ms
2025-04-05T07:32:40.477Z [info]: POST /api/users/login 401 31 - 176.560 ms
2025-04-05T07:34:02.166Z [info]: POST /api/users/login 401 31 - 215.792 ms
2025-04-05T07:34:07.142Z [info]: POST /api/users/login 200 524 - 226.439 ms
2025-04-05T07:39:05.810Z [info]: POST /api/users/login 401 31 - 232.523 ms
2025-04-05T09:32:17.768Z [info]: POST /api/users/login 200 511 - 1131.043 ms
2025-04-05T09:44:50.036Z [info]: POST /api/users/login 200 567 - 382.957 ms
2025-04-05T09:45:31.845Z [info]: POST /api/users/login 200 567 - 301.652 ms
2025-04-05T09:46:29.237Z [info]: POST /api/users/register 201 320 - 309.990 ms
2025-04-05T09:46:43.105Z [info]: POST /api/users/login 200 558 - 276.204 ms
2025-04-05T09:49:38.924Z [info]: POST /api/users/login 200 550 - 404.823 ms
2025-04-05T09:50:17.620Z [info]: POST /api/users/login 200 563 - 345.921 ms
2025-04-05T10:02:17.191Z [info]: POST /api/users/login 200 567 - 280.455 ms
2025-04-05T10:02:17.499Z [info]: POST /api/users/login 200 567 - 303.095 ms
2025-04-05T10:10:18.882Z [info]: POST /api/users/login 401 31 - 213.981 ms
2025-04-05T10:10:24.119Z [info]: POST /api/users/login 401 31 - 136.308 ms
2025-04-05T10:42:23.741Z [info]: POST /api/users/login 401 31 - 210.661 ms
2025-04-05T10:42:25.757Z [info]: POST /api/users/login 401 31 - 218.791 ms
2025-04-05T10:42:45.571Z [info]: POST /api/users/login 401 31 - 201.951 ms
2025-04-05T10:42:46.326Z [info]: POST /api/users/login 401 31 - 291.500 ms
2025-04-05T10:42:46.572Z [info]: POST /api/users/login 401 31 - 214.199 ms
2025-04-05T10:42:47.111Z [info]: POST /api/users/login 401 31 - 212.254 ms
2025-04-05T10:45:16.508Z [info]: POST /api/users/login 401 31 - 281.777 ms
2025-04-05T10:45:17.589Z [info]: POST /api/users/login 401 31 - 285.033 ms
2025-04-05T10:45:18.534Z [info]: POST /api/users/login 401 31 - 248.029 ms
2025-04-05T10:45:44.778Z [info]: POST /api/users/login 401 31 - 206.882 ms
2025-04-05T10:45:45.713Z [info]: POST /api/users/login 401 31 - 156.278 ms
2025-04-05T10:46:27.928Z [info]: POST /api/users/login 200 567 - 335.849 ms
2025-04-05T11:12:02.539Z [info]: POST /api/users/register 201 324 - 344.666 ms
2025-04-05T11:12:21.828Z [info]: POST /api/users/login 401 31 - 97.220 ms
2025-04-05T11:12:23.586Z [info]: POST /api/users/login 401 31 - 94.893 ms
2025-04-05T11:12:58.081Z [info]: POST /api/users/login 200 562 - 351.300 ms
2025-04-05T14:44:05.618Z [info]: POST /api/users/login 401 77 - 30072.925 ms
2025-04-05T14:44:07.220Z [info]: POST /api/users/login 401 77 - 30011.942 ms
2025-04-05T14:44:18.132Z [info]: POST /api/users/login 401 77 - 30011.993 ms
2025-04-05T15:32:18.183Z [info]: POST /api/users/login 401 31 - 178.511 ms
2025-04-05T15:32:34.278Z [info]: POST /api/users/login 200 567 - 329.378 ms
2025-04-17T16:02:58.106Z [info]: POST /api/users/login 401 31 - 871.753 ms
2025-04-17T16:03:03.150Z [info]: POST /api/users/login 200 550 - 341.191 ms
2025-04-17T17:06:49.867Z [info]: POST /api/users/register 201 310 - 1100.873 ms
2025-04-17T17:07:02.230Z [info]: POST /api/users/login 200 552 - 313.577 ms
2025-04-17T17:14:50.094Z [info]: POST /api/users/register 201 310 - 346.372 ms
2025-04-17T17:15:04.335Z [info]: POST /api/users/login 200 552 - 280.113 ms
2025-04-27T09:38:13.257Z [info]: POST /api/users/register 201 309 - 316.356 ms
2025-04-27T09:38:47.360Z [info]: POST /api/users/login 200 551 - 260.612 ms
2025-04-27T12:04:37.795Z [info]: POST /api/users/login 200 551 - 1051.364 ms
2025-04-27T12:52:49.365Z [info]: POST /api/users/login 200 551 - 294.544 ms
2025-04-27T13:09:00.324Z [info]: POST /api/users/login 200 551 - 295.720 ms
2025-04-27T13:32:44.504Z [info]: POST /api/users/login 200 551 - 1532.992 ms
2025-04-27T13:33:14.984Z [info]: GET /employee 404 147 - 1.329 ms
2025-04-27T13:33:15.096Z [info]: GET /Maintenance/get 200 427 - 115.999 ms
2025-04-27T13:33:22.823Z [info]: GET /Maintenance/get 304 - - 96.331 ms
2025-04-27T13:33:41.677Z [info]: GET /Maintenance/get 304 - - 95.806 ms
2025-04-27T13:33:42.672Z [info]: GET /Maintenance/67e8c2ccdf908f6139f64c9a 200 198 - 93.515 ms
2025-04-27T13:33:44.098Z [info]: GET /Maintenance/get 304 - - 101.434 ms
2025-04-27T13:33:46.518Z [info]: GET /employee 404 147 - 0.394 ms
2025-04-27T13:33:46.613Z [info]: GET /Maintenance/get 304 - - 97.451 ms
2025-04-27T14:08:23.040Z [info]: GET /Maintenance/get 304 - - 922.614 ms
2025-04-27T14:08:24.704Z [info]: GET /Maintenance/67e8c2ccdf908f6139f64c9a 304 - - 114.635 ms
2025-04-27T14:08:26.088Z [info]: GET /Maintenance/get 304 - - 101.321 ms
2025-04-27T14:10:03.046Z [info]: GET /employee 404 147 - 0.349 ms
2025-04-27T14:10:03.144Z [info]: GET /Maintenance/get 304 - - 97.024 ms
2025-04-27T14:11:26.452Z [info]: GET /employee 404 147 - 0.205 ms
2025-04-27T14:11:26.550Z [info]: GET /Maintenance/get 304 - - 96.624 ms
2025-04-27T14:14:22.818Z [info]: GET /Complaints/get 200 172 - 158.196 ms
2025-04-27T14:14:52.273Z [info]: GET /Complaints/get 304 - - 95.048 ms
2025-04-27T14:14:53.382Z [info]: GET /Complaints/67e8bc0b30a0b7a37dd99cf0 200 140 - 115.094 ms
2025-04-27T14:14:56.459Z [info]: GET /Complaints/get 304 - - 100.133 ms
2025-04-27T14:16:25.114Z [info]: POST /api/users/login 200 551 - 370.344 ms
2025-04-27T14:20:15.980Z [info]: POST /api/users/login 200 551 - 377.888 ms
2025-04-27T14:20:21.117Z [info]: GET /Maintenance/get 304 - - 120.914 ms
2025-04-27T14:20:25.998Z [info]: GET /employee 404 147 - 0.195 ms
2025-04-27T14:20:26.104Z [info]: GET /Maintenance/get 304 - - 106.974 ms
2025-04-27T14:20:40.384Z [info]: GET /Complaints/get 304 - - 173.883 ms
2025-04-30T15:15:46.849Z [info]: POST /api/users/login 200 551 - 471.657 ms
2025-05-01T06:59:25.796Z [info]: POST /api/users/login 200 551 - 578.089 ms
2025-05-01T07:06:33.813Z [info]: POST /api/users/login 200 551 - 276.434 ms
2025-05-01T07:06:41.682Z [info]: GET /Maintenance/get 304 - - 103.702 ms
2025-05-01T07:06:45.923Z [info]: GET /Maintenance/67e8c2ccdf908f6139f64c9a 304 - - 101.738 ms
2025-05-01T07:06:48.093Z [info]: GET /Maintenance/get 304 - - 403.242 ms
2025-05-01T07:06:49.596Z [info]: GET /employee 404 147 - 1.644 ms
2025-05-01T07:06:49.692Z [info]: GET /Maintenance/get 304 - - 99.541 ms
2025-05-01T07:07:42.305Z [info]: GET /employee 404 147 - 0.399 ms
2025-05-01T07:07:42.405Z [info]: GET /Maintenance/get 304 - - 99.215 ms
2025-05-01T07:08:41.882Z [info]: GET /Complaints/get 304 - - 100.248 ms
2025-05-01T07:10:19.465Z [info]: POST /api/users/login 200 551 - 278.324 ms
2025-05-01T07:13:49.107Z [info]: POST /api/users/login 401 31 - 166.742 ms
2025-05-01T07:13:51.439Z [info]: POST /api/users/login 401 31 - 173.317 ms
2025-05-01T07:13:52.626Z [info]: POST /api/users/login 401 31 - 177.486 ms
2025-05-01T07:13:58.801Z [info]: POST /api/users/login 200 551 - 268.088 ms
2025-05-01T08:17:15.254Z [info]: POST /api/users/login 200 551 - 1727.738 ms
2025-05-01T09:34:28.360Z [info]: POST /api/users/login 200 551 - 294.069 ms
2025-05-01T09:50:40.931Z [info]: GET /Maintenance/get 304 - - 102.856 ms
2025-05-01T09:50:43.439Z [info]: GET /employee 404 147 - 1.571 ms
2025-05-01T09:50:43.536Z [info]: GET /Maintenance/get 304 - - 100.199 ms
2025-05-01T09:51:31.246Z [info]: GET /employee 404 147 - 0.289 ms
2025-05-01T09:51:31.343Z [info]: GET /Maintenance/get 304 - - 98.957 ms
2025-05-01T10:12:44.914Z [info]: GET /Complaints/get 304 - - 100.801 ms
2025-05-01T10:13:10.054Z [info]: GET /Complaints/get 304 - - 98.682 ms
2025-05-01T10:13:22.333Z [info]: GET /Complaints/get 304 - - 98.852 ms
2025-05-01T10:15:25.713Z [info]: GET /Complaints/get 304 - - 490.460 ms
2025-05-01T10:17:22.332Z [info]: GET /Complaints/get 304 - - 102.451 ms
2025-05-01T10:17:27.584Z [info]: GET /Complaints/get 304 - - 338.208 ms
2025-05-01T10:17:33.333Z [info]: GET /Complaints/get 304 - - 98.238 ms
2025-05-01T10:17:37.416Z [info]: GET /Complaints/get 304 - - 170.668 ms
2025-05-01T10:17:40.333Z [info]: GET /Complaints/get 304 - - 99.055 ms
2025-05-01T10:18:21.331Z [info]: GET /Complaints/get 304 - - 98.254 ms
2025-05-01T10:18:25.559Z [info]: PUT /Complaints/update/67e8bc0b30a0b7a37dd99cf0 200 192 - 103.817 ms
2025-05-01T11:26:21.127Z [info]: POST /api/users/login 200 551 - 284.638 ms
2025-05-01T11:27:32.939Z [info]: GET /Maintenance/get 304 - - 101.007 ms
2025-05-01T12:01:17.452Z [info]: POST /api/users/login 200 551 - 275.360 ms
2025-05-01T12:06:57.863Z [info]: GET /Maintenance/get 304 - - 100.207 ms
2025-05-01T12:07:41.494Z [info]: GET /Maintenance/get 304 - - 99.647 ms
2025-05-01T12:08:21.115Z [info]: GET /Maintenance/get 304 - - 99.189 ms
2025-05-01T12:08:31.547Z [info]: GET /Maintenance/get 304 - - 789.583 ms
2025-05-01T12:08:36.024Z [info]: GET /employee 404 147 - 0.531 ms
2025-05-01T12:08:36.122Z [info]: GET /Maintenance/get 304 - - 99.208 ms
2025-05-01T12:08:42.272Z [info]: GET /employee 404 147 - 0.331 ms
2025-05-01T12:08:42.371Z [info]: GET /Maintenance/get 304 - - 98.299 ms
2025-05-01T12:09:07.178Z [info]: GET /Maintenance/get 304 - - 98.840 ms
2025-05-01T12:09:08.229Z [info]: GET /Maintenance/67e8c2ccdf908f6139f64c9a 304 - - 99.486 ms
2025-05-01T12:09:10.925Z [info]: GET /Maintenance/get 304 - - 100.027 ms
2025-05-01T12:09:20.998Z [info]: GET /Complaints/get 304 - - 776.631 ms
2025-05-01T12:09:42.951Z [info]: GET /Maintenance/get 304 - - 99.050 ms
2025-05-01T12:09:49.774Z [info]: GET /Complaints/get 304 - - 98.073 ms
2025-05-01T12:09:55.092Z [info]: GET /Complaints/get 304 - - 840.420 ms
2025-05-01T12:10:02.443Z [info]: GET /Complaints/get 304 - - 98.881 ms
2025-05-01T12:10:10.011Z [info]: GET /employee 404 147 - 0.176 ms
2025-05-01T12:10:10.108Z [info]: GET /Maintenance/get 304 - - 98.475 ms
2025-05-01T12:10:22.174Z [info]: GET /Maintenance/get 304 - - 97.792 ms
2025-05-01T12:10:51.948Z [info]: POST /api/users/login 401 31 - 162.918 ms
2025-05-01T12:10:54.356Z [info]: POST /api/users/login 401 31 - 162.178 ms
2025-05-01T12:11:00.459Z [info]: POST /api/users/login 200 551 - 265.789 ms
2025-05-01T12:11:53.089Z [info]: GET /Maintenance/get 304 - - 98.986 ms
2025-05-01T12:14:41.784Z [info]: POST /api/users/login 200 551 - 266.039 ms
2025-05-01T12:17:11.334Z [info]: GET /Maintenance/get 304 - - 331.132 ms
2025-05-01T12:17:30.276Z [info]: GET /Maintenance/get 304 - - 368.961 ms
2025-05-01T12:17:37.323Z [info]: GET /Maintenance/get 304 - - 97.991 ms
2025-05-01T12:18:22.330Z [info]: GET /Maintenance/get 304 - - 98.905 ms
2025-05-01T12:18:23.335Z [info]: GET /Maintenance/get 304 - - 97.960 ms
2025-05-01T12:18:44.428Z [info]: GET /Maintenance/get 304 - - 185.462 ms
2025-05-01T12:18:58.282Z [info]: GET /Maintenance/get 304 - - 99.077 ms
2025-05-01T12:19:02.858Z [info]: GET /Maintenance/get 304 - - 304.508 ms
2025-05-01T12:19:36.317Z [info]: GET /Maintenance/get 304 - - 98.547 ms
2025-05-01T12:24:12.940Z [info]: GET /Maintenance/get 304 - - 227.503 ms
2025-05-01T12:25:10.298Z [info]: GET /employee 404 147 - 0.272 ms
2025-05-01T12:25:10.899Z [info]: GET /Maintenance/get 304 - - 599.620 ms
2025-05-01T12:27:13.442Z [info]: GET /Maintenance/get 304 - - 98.735 ms
2025-05-01T12:27:26.962Z [info]: GET /Maintenance/get 304 - - 165.534 ms
2025-05-01T12:27:34.326Z [info]: GET /Maintenance/get 304 - - 98.707 ms
2025-05-01T12:27:36.327Z [info]: GET /Maintenance/get 304 - - 97.798 ms
2025-05-01T12:27:43.339Z [info]: GET /Maintenance/67e8c2ccdf908f6139f64c9a 304 - - 100.657 ms
2025-05-01T12:27:57.244Z [info]: GET /Maintenance/67e8c2ccdf908f6139f64c9a 304 - - 99.076 ms
2025-05-01T12:28:29.156Z [info]: GET /Maintenance/67e8c2ccdf908f6139f64c9a 304 - - 98.786 ms
2025-05-01T12:28:44.136Z [info]: PUT /Maintenance/update/67e8c2ccdf908f6139f64c9a 200 254 - 113.652 ms
2025-05-01T12:28:47.584Z [info]: GET /Maintenance/get 200 429 - 845.775 ms
2025-05-01T12:29:02.290Z [info]: GET /Maintenance/get 304 - - 98.983 ms
2025-05-01T12:29:05.517Z [info]: GET /employee 404 147 - 0.285 ms
2025-05-01T12:29:05.614Z [info]: GET /Maintenance/get 304 - - 98.778 ms
2025-05-01T12:29:38.182Z [info]: GET /employee 404 147 - 0.239 ms
2025-05-01T12:29:38.279Z [info]: GET /Maintenance/get 304 - - 98.510 ms
2025-05-01T12:29:51.161Z [info]: GET /employee 404 147 - 0.555 ms
2025-05-01T12:29:51.260Z [info]: GET /Maintenance/get 304 - - 97.886 ms
2025-05-01T12:30:00.235Z [info]: GET /employee 404 147 - 0.202 ms
2025-05-01T12:30:00.332Z [info]: GET /Maintenance/get 304 - - 98.169 ms
2025-05-01T12:30:05.740Z [info]: GET /employee 404 147 - 0.363 ms
2025-05-01T12:30:05.839Z [info]: GET /Maintenance/get 304 - - 98.421 ms
2025-05-01T12:30:15.956Z [info]: GET /Maintenance/get 304 - - 317.441 ms
2025-05-01T12:31:03.624Z [info]: GET /Complaints/get 304 - - 101.445 ms
2025-05-01T12:31:06.233Z [info]: GET /Maintenance/get 304 - - 97.768 ms
2025-05-01T12:31:12.994Z [info]: GET /employee 404 147 - 0.298 ms
2025-05-01T12:31:13.094Z [info]: GET /Maintenance/get 304 - - 99.023 ms
2025-05-01T12:31:49.214Z [info]: GET /employee 404 147 - 0.418 ms
2025-05-01T12:31:49.313Z [info]: GET /Maintenance/get 304 - - 98.057 ms
2025-05-01T12:31:54.537Z [info]: GET /employee 404 147 - 0.269 ms
2025-05-01T12:31:54.634Z [info]: GET /Maintenance/get 304 - - 98.365 ms
2025-05-01T12:32:04.235Z [info]: GET /employee 404 147 - 0.212 ms
2025-05-01T12:32:04.335Z [info]: GET /Maintenance/get 304 - - 99.108 ms
2025-05-01T12:32:28.249Z [info]: GET /employee 404 147 - 0.153 ms
2025-05-01T12:32:28.352Z [info]: GET /Maintenance/get 304 - - 104.133 ms
2025-05-01T12:33:20.700Z [info]: GET /Maintenance/get 304 - - 702.156 ms
2025-05-01T12:33:25.112Z [info]: GET /employee 404 147 - 0.189 ms
2025-05-01T12:33:25.209Z [info]: GET /Maintenance/get 304 - - 98.114 ms
2025-05-01T12:33:41.485Z [info]: GET /Complaints/get 304 - - 345.819 ms
2025-05-01T12:33:52.950Z [info]: GET /Maintenance/get 304 - - 98.175 ms
2025-05-01T12:33:55.652Z [info]: GET /employee 404 147 - 0.200 ms
2025-05-01T12:33:55.750Z [info]: GET /Maintenance/get 304 - - 98.804 ms
2025-05-01T12:34:05.825Z [info]: GET /Complaints/get 304 - - 101.873 ms
2025-05-01T12:34:13.841Z [info]: GET /Complaints/get 304 - - 298.678 ms
2025-05-01T12:34:24.100Z [info]: GET /employee 404 147 - 0.532 ms
2025-05-01T12:34:24.200Z [info]: GET /Maintenance/get 304 - - 99.529 ms
2025-05-01T12:35:40.339Z [info]: GET /employee 404 147 - 0.224 ms
2025-05-01T12:35:40.438Z [info]: GET /Maintenance/get 304 - - 97.739 ms
2025-05-01T12:36:11.737Z [info]: GET /Complaints/get 304 - - 99.121 ms
2025-05-01T12:36:23.897Z [info]: GET /Complaints/get 304 - - 659.169 ms
2025-05-01T12:36:27.318Z [info]: GET /Complaints/get 304 - - 98.484 ms
2025-05-01T12:36:57.869Z [info]: GET /Complaints/get 304 - - 99.382 ms
2025-05-01T12:37:29.255Z [info]: GET /Complaints/get 304 - - 97.813 ms
2025-05-01T12:38:28.193Z [info]: GET /Maintenance/get 304 - - 103.781 ms
2025-05-01T12:38:30.094Z [info]: GET /employee 404 147 - 0.237 ms
2025-05-01T12:38:30.193Z [info]: GET /Maintenance/get 304 - - 98.966 ms
2025-05-01T12:38:37.183Z [info]: GET /Complaints/get 304 - - 99.753 ms
2025-05-01T12:38:40.154Z [info]: GET /Complaints/get 304 - - 98.403 ms
2025-05-01T12:41:00.391Z [info]: GET /Complaints/get 304 - - 428.920 ms
2025-05-01T12:41:01.412Z [info]: GET /Complaints/67e8bc0b30a0b7a37dd99cf0 304 - - 98.939 ms
2025-05-01T12:41:19.982Z [info]: GET /Complaints/67e8bc0b30a0b7a37dd99cf0 304 - - 99.185 ms
2025-05-01T12:41:22.347Z [info]: GET /Complaints/67e8bc0b30a0b7a37dd99cf0 - - - - ms
2025-05-01T12:41:22.509Z [info]: GET /Complaints/67e8bc0b30a0b7a37dd99cf0 200 140 - 119.537 ms
2025-05-01T12:41:22.659Z [info]: GET /Complaints/67e8bc0b30a0b7a37dd99cf0 304 - - 98.305 ms
2025-05-01T12:41:30.801Z [info]: GET /Complaints/67e8bc0b30a0b7a37dd99cf0 304 - - 555.484 ms
2025-05-01T12:41:31.846Z [info]: GET /Complaints/67e8bc0b30a0b7a37dd99cf0 - - - - ms
2025-05-01T12:41:32.066Z [info]: GET /Complaints/67e8bc0b30a0b7a37dd99cf0 - - - - ms
2025-05-01T12:41:32.746Z [info]: GET /Complaints/67e8bc0b30a0b7a37dd99cf0 200 140 - 642.996 ms
2025-05-01T12:41:50.213Z [info]: GET /Complaints/67e8bc0b30a0b7a37dd99cf0 304 - - 91.665 ms
2025-05-01T12:41:50.381Z [info]: GET /Complaints/67e8bc0b30a0b7a37dd99cf0 304 - - 91.438 ms
2025-05-01T12:42:10.095Z [info]: GET /Complaints/67e8bc0b30a0b7a37dd99cf0 304 - - 91.117 ms
2025-05-01T12:42:11.775Z [info]: GET /Complaints/67e8bc0b30a0b7a37dd99cf0 304 - - 91.224 ms
2025-05-01T12:42:12.005Z [info]: GET /Complaints/67e8bc0b30a0b7a37dd99cf0 304 - - 91.454 ms
2025-05-01T12:42:12.982Z [info]: GET /Complaints/get 304 - - 552.626 ms
2025-05-01T12:42:15.234Z [info]: GET /Complaints/67e8bc0b30a0b7a37dd99cf0 304 - - 708.048 ms
2025-05-01T12:42:15.767Z [info]: GET /Complaints/get 304 - - 92.220 ms
2025-05-01T12:42:23.355Z [info]: GET /Complaints/67e8bc0b30a0b7a37dd99cf0 304 - - 92.086 ms
2025-05-01T12:42:28.326Z [info]: GET /Complaints/67e8bc0b30a0b7a37dd99cf0 304 - - 92.533 ms
2025-05-01T12:42:32.132Z [info]: GET /Complaints/67e8bc0b30a0b7a37dd99cf0 304 - - 138.178 ms
2025-05-01T12:42:39.326Z [info]: GET /Complaints/67e8bc0b30a0b7a37dd99cf0 304 - - 90.895 ms
2025-05-01T12:42:42.781Z [info]: GET /Complaints/67e8bc0b30a0b7a37dd99cf0 304 - - 538.481 ms
2025-05-01T12:42:46.323Z [info]: GET /Complaints/67e8bc0b30a0b7a37dd99cf0 304 - - 91.508 ms
2025-05-01T12:42:50.316Z [info]: GET /Complaints/67e8bc0b30a0b7a37dd99cf0 304 - - 91.126 ms
2025-05-01T12:42:54.457Z [info]: GET /Complaints/67e8bc0b30a0b7a37dd99cf0 304 - - 207.230 ms
2025-05-01T12:42:57.952Z [info]: GET /Complaints/67e8bc0b30a0b7a37dd99cf0 304 - - 713.582 ms
2025-05-01T12:43:00.398Z [info]: GET /Complaints/67e8bc0b30a0b7a37dd99cf0 304 - - 161.840 ms
2025-05-01T12:43:05.328Z [info]: GET /Complaints/67e8bc0b30a0b7a37dd99cf0 304 - - 90.887 ms
2025-05-01T12:43:06.959Z [info]: GET /Complaints/67e8bc0b30a0b7a37dd99cf0 304 - - 716.384 ms
2025-05-01T12:43:09.618Z [info]: GET /Complaints/67e8bc0b30a0b7a37dd99cf0 304 - - 389.097 ms
2025-05-01T12:43:12.335Z [info]: GET /Complaints/67e8bc0b30a0b7a37dd99cf0 304 - - 90.600 ms
2025-05-01T12:43:18.334Z [info]: GET /Complaints/67e8bc0b30a0b7a37dd99cf0 304 - - 90.350 ms
2025-05-01T12:43:22.019Z [info]: GET /Complaints/67e8bc0b30a0b7a37dd99cf0 304 - - 777.310 ms
2025-05-01T12:43:24.325Z [info]: GET /Complaints/67e8bc0b30a0b7a37dd99cf0 304 - - 91.290 ms
2025-05-01T12:43:27.325Z [info]: GET /Complaints/67e8bc0b30a0b7a37dd99cf0 304 - - 90.942 ms
2025-05-01T12:43:45.161Z [info]: GET /Complaints/67e8bc0b30a0b7a37dd99cf0 304 - - 91.648 ms
2025-05-01T12:44:00.714Z [info]: GET /Complaints/67e8bc0b30a0b7a37dd99cf0 304 - - 467.897 ms
2025-05-01T12:44:01.438Z [info]: GET /Complaints/67e8bc0b30a0b7a37dd99cf0 304 - - 92.138 ms
2025-05-01T12:44:05.836Z [info]: GET /Complaints/get 304 - - 91.273 ms
2025-05-01T12:45:11.071Z [info]: GET /Maintenance/get 304 - - 405.175 ms
2025-05-01T12:45:11.922Z [info]: GET /Maintenance/67e8c2ccdf908f6139f64c9a 200 200 - 93.159 ms
2025-05-01T12:45:59.050Z [info]: GET /Maintenance/get 304 - - 91.433 ms
2025-05-01T12:46:02.985Z [info]: GET /Maintenance/get 304 - - 92.059 ms
2025-05-01T12:46:40.678Z [info]: GET /Maintenance/get 304 - - 91.115 ms
2025-05-01T12:46:42.927Z [info]: GET /Maintenance/67e8c2ccdf908f6139f64c9a 304 - - 91.711 ms
2025-05-01T12:46:45.035Z [info]: GET /Maintenance/get 304 - - 92.331 ms
2025-05-01T12:46:49.771Z [info]: GET /Maintenance/get 304 - - 91.395 ms
2025-05-01T12:46:52.179Z [info]: GET /employee 404 147 - 0.185 ms
2025-05-01T12:46:52.956Z [info]: GET /Maintenance/get 304 - - 778.422 ms
2025-05-01T12:46:59.952Z [info]: GET /employee 404 147 - 0.214 ms
2025-05-01T12:47:00.044Z [info]: GET /Maintenance/get 304 - - 90.966 ms
2025-05-01T12:47:08.742Z [info]: GET /Complaints/get 304 - - 90.706 ms
2025-05-01T12:47:11.856Z [info]: GET /Complaints/get 304 - - 91.986 ms
2025-05-01T12:47:38.601Z [info]: POST /api/users/login 200 551 - 810.658 ms
2025-05-01T12:49:03.307Z [info]: POST /api/users/login 200 551 - 250.258 ms
2025-05-01T12:49:11.100Z [info]: GET /Maintenance/get 304 - - 293.689 ms
2025-05-01T12:49:15.211Z [info]: GET /Maintenance/get 304 - - 823.464 ms
2025-05-01T12:49:16.270Z [info]: GET /Maintenance/67e8c2ccdf908f6139f64c9a 304 - - 91.522 ms
2025-05-01T12:49:17.782Z [info]: GET /Maintenance/get 304 - - 92.524 ms
2025-05-01T12:49:20.481Z [info]: GET /employee 404 147 - 0.249 ms
2025-05-01T12:49:20.571Z [info]: GET /Maintenance/get 304 - - 91.171 ms
2025-05-01T12:49:30.251Z [info]: GET /Complaints/get 304 - - 353.387 ms
2025-05-01T12:49:33.402Z [info]: GET /Complaints/67e8bc0b30a0b7a37dd99cf0 304 - - 91.741 ms
2025-05-01T12:49:39.491Z [info]: GET /Complaints/get 304 - - 93.417 ms
2025-05-01T12:49:42.660Z [info]: GET /Complaints/get 304 - - 91.965 ms
2025-05-01T12:54:08.052Z [info]: GET /Complaints/get 304 - - 91.031 ms
2025-05-01T12:54:08.944Z [info]: GET /Complaints/67e8bc0b30a0b7a37dd99cf0 304 - - 91.279 ms
2025-05-01T12:54:30.630Z [info]: GET /Complaints/get 304 - - 91.584 ms
2025-05-01T12:54:33.478Z [info]: GET /Maintenance/get 304 - - 91.388 ms
2025-05-01T12:54:34.908Z [info]: GET /Maintenance/67e8c2ccdf908f6139f64c9a 304 - - 666.600 ms
2025-05-01T12:55:09.441Z [info]: GET /Maintenance/get 304 - - 90.675 ms
2025-05-01T12:55:12.208Z [info]: GET /Complaints/get 304 - - 91.135 ms
2025-05-01T12:55:13.112Z [info]: GET /Complaints/67e8bc0b30a0b7a37dd99cf0 304 - - 90.972 ms
2025-05-01T12:55:18.046Z [info]: GET /Complaints/get 304 - - 91.401 ms
2025-05-01T12:55:20.887Z [info]: GET /Maintenance/get 304 - - 310.589 ms
2025-05-01T12:55:21.749Z [info]: GET /Maintenance/67e8c2ccdf908f6139f64c9a 304 - - 91.701 ms
2025-05-01T12:55:30.340Z [info]: GET /Maintenance/get 304 - - 92.099 ms
2025-05-01T12:55:33.128Z [info]: GET /employee 404 147 - 0.218 ms
2025-05-01T12:55:33.218Z [info]: GET /Maintenance/get 304 - - 91.431 ms
2025-05-01T12:56:48.961Z [info]: POST /Maintenance/add 200 21 - 107.620 ms
2025-05-01T12:56:54.497Z [info]: GET /Maintenance/get 200 631 - 91.281 ms
2025-05-01T12:56:57.451Z [info]: GET /Maintenance/68136f90c9e8ab2c87d85238 200 201 - 265.112 ms
2025-05-01T12:57:18.048Z [info]: PUT /Maintenance/update/68136f90c9e8ab2c87d85238 200 267 - 94.654 ms
2025-05-01T12:57:20.055Z [info]: GET /Maintenance/get 200 643 - 99.983 ms
2025-05-01T12:57:31.068Z [info]: GET /employee 404 147 - 0.193 ms
2025-05-01T12:57:31.161Z [info]: GET /Maintenance/get 304 - - 91.535 ms
2025-05-01T12:57:45.273Z [info]: PUT /Maintenance/update/67e8c2ccdf908f6139f64c9a 200 255 - 95.078 ms
2025-05-01T12:58:18.313Z [info]: POST /Complaints/add 200 20 - 94.423 ms
2025-05-01T12:58:22.487Z [info]: GET /Complaints/get 200 312 - 91.861 ms
2025-05-01T12:58:26.306Z [info]: GET /Complaints/68136feac9e8ab2c87d85240 200 139 - 90.966 ms
2025-05-01T12:58:40.588Z [info]: PUT /Complaints/update/68136feac9e8ab2c87d85240 200 204 - 94.664 ms
2025-05-01T12:58:42.073Z [info]: GET /Complaints/get 200 325 - 91.294 ms
2025-05-01T12:58:43.975Z [info]: DELETE /Complaints/delete/68136feac9e8ab2c87d85240 200 31 - 94.784 ms
2025-05-01T12:58:48.168Z [info]: GET /Maintenance/get 200 644 - 90.860 ms
2025-05-01T12:58:51.893Z [info]: DELETE /Maintenance/delete/68136f90c9e8ab2c87d85238 200 32 - 105.498 ms
2025-05-01T12:58:57.273Z [info]: GET /employee 404 147 - 0.152 ms
2025-05-01T12:58:57.363Z [info]: GET /Maintenance/get 200 430 - 91.163 ms
2025-05-01T14:51:08.418Z [info]: POST /api/users/login 200 551 - 1551.375 ms
2025-05-01T14:51:59.801Z [info]: GET /Maintenance/get 304 - - 104.403 ms
2025-05-01T14:52:03.456Z [info]: GET /employee 404 147 - 0.719 ms
2025-05-01T14:52:03.911Z [info]: GET /Maintenance/get 304 - - 458.078 ms
2025-05-01T14:52:15.571Z [info]: GET /Complaints/get 200 172 - 103.086 ms
2025-05-01T14:52:18.326Z [info]: GET /Complaints/67e8bc0b30a0b7a37dd99cf0 304 - - 102.948 ms
2025-05-01T14:53:08.847Z [info]: GET /Complaints/67e8bc0b30a0b7a37dd99cf0 304 - - 103.390 ms
2025-05-01T15:08:43.350Z [info]: GET /Complaints/get - - - - ms
2025-05-01T15:08:44.638Z [info]: GET /Complaints/get 200 172 - 969.846 ms
2025-05-01T15:08:45.052Z [info]: GET /Complaints/get 304 - - 100.665 ms
2025-05-01T15:09:38.901Z [info]: GET /Maintenance/get 304 - - 102.789 ms
2025-05-01T15:09:41.048Z [info]: GET /employee 404 147 - 0.309 ms
2025-05-01T15:09:41.149Z [info]: GET /Maintenance/get 304 - - 100.517 ms
2025-05-01T15:09:48.815Z [info]: GET /Complaints/get 304 - - 101.411 ms
2025-05-01T15:09:50.890Z [info]: GET /Complaints/get 304 - - 101.803 ms
2025-05-01T15:09:59.973Z [info]: GET /Maintenance/get 304 - - 783.285 ms
2025-05-01T15:10:03.132Z [info]: GET /Complaints/get 304 - - 102.310 ms
2025-05-01T15:10:03.904Z [info]: GET /Complaints/67e8bc0b30a0b7a37dd99cf0 304 - - 101.840 ms
2025-05-01T15:12:15.926Z [info]: GET /Complaints/67e8bc0b30a0b7a37dd99cf0 304 - - 101.954 ms
2025-05-01T15:12:16.084Z [info]: GET /Complaints/67e8bc0b30a0b7a37dd99cf0 - - - - ms
2025-05-01T15:12:16.246Z [info]: GET /Complaints/67e8bc0b30a0b7a37dd99cf0 200 140 - 100.470 ms
2025-05-01T15:12:17.403Z [info]: GET /Complaints/67e8bc0b30a0b7a37dd99cf0 304 - - 494.237 ms
2025-05-01T15:12:18.082Z [info]: GET /Complaints/get 304 - - 101.959 ms
